Started GET "/" for ::1 at 2018-12-05 21:03:18 +0100
  
ActiveRecord::PendingMigrationError (

Migrations are pending. To resolve this issue, run:

        bin/rails db:migrate RAILS_ENV=development

):
  
activerecord (5.0.1) lib/active_record/migration.rb:573:in `check_pending!'
activerecord (5.0.1) lib/active_record/migration.rb:549:in `call'
actionpack (5.0.1) lib/action_dispatch/middleware/callbacks.rb:38:in `block in call'
activesupport (5.0.1) lib/active_support/callbacks.rb:97:in `__run_callbacks__'
activesupport (5.0.1) lib/active_support/callbacks.rb:750:in `_run_call_callbacks'
activesupport (5.0.1) lib/active_support/callbacks.rb:90:in `run_callbacks'
actionpack (5.0.1) lib/action_dispatch/middleware/callbacks.rb:36:in `call'
actionpack (5.0.1) lib/action_dispatch/middleware/executor.rb:12:in `call'
actionpack (5.0.1) lib/action_dispatch/middleware/remote_ip.rb:79:in `call'
actionpack (5.0.1) lib/action_dispatch/middleware/debug_exceptions.rb:49:in `call'
web-console (3.3.1) lib/web_console/middleware.rb:131:in `call_app'
web-console (3.3.1) lib/web_console/middleware.rb:28:in `block in call'
web-console (3.3.1) lib/web_console/middleware.rb:18:in `catch'
web-console (3.3.1) lib/web_console/middleware.rb:18:in `call'
actionpack (5.0.1) lib/action_dispatch/middleware/show_exceptions.rb:31:in `call'
railties (5.0.0.1) lib/rails/rack/logger.rb:36:in `call_app'
railties (5.0.0.1) lib/rails/rack/logger.rb:24:in `block in call'
activesupport (5.0.1) lib/active_support/tagged_logging.rb:69:in `block in tagged'
activesupport (5.0.1) lib/active_support/tagged_logging.rb:26:in `tagged'
activesupport (5.0.1) lib/active_support/tagged_logging.rb:69:in `tagged'
railties (5.0.0.1) lib/rails/rack/logger.rb:24:in `call'
sprockets-rails (3.1.1) lib/sprockets/rails/quiet_assets.rb:13:in `call'
actionpack (5.0.1) lib/action_dispatch/middleware/request_id.rb:24:in `call'
rack (2.0.1) lib/rack/method_override.rb:22:in `call'
rack (2.0.1) lib/rack/runtime.rb:22:in `call'
activesupport (5.0.1) lib/active_support/cache/strategy/local_cache_middleware.rb:28:in `call'
actionpack (5.0.1) lib/action_dispatch/middleware/executor.rb:12:in `call'
actionpack (5.0.1) lib/action_dispatch/middleware/static.rb:136:in `call'
rack (2.0.1) lib/rack/sendfile.rb:111:in `call'
railties (5.0.0.1) lib/rails/engine.rb:522:in `call'
puma (3.6.0) lib/puma/configuration.rb:225:in `call'
puma (3.6.0) lib/puma/server.rb:578:in `handle_request'
puma (3.6.0) lib/puma/server.rb:415:in `process_client'
puma (3.6.0) lib/puma/server.rb:275:in `block in run'
puma (3.6.0) lib/puma/thread_pool.rb:116:in `block in spawn_thread'
  Rendering /Users/fredo/.rbenv/versions/2.4.4/lib/ruby/gems/2.4.0/gems/actionpack-5.0.1/lib/action_dispatch/middleware/templates/rescues/diagnostics.html.erb within rescues/layout
  Rendering /Users/fredo/.rbenv/versions/2.4.4/lib/ruby/gems/2.4.0/gems/actionpack-5.0.1/lib/action_dispatch/middleware/templates/rescues/_source.html.erb
  Rendered /Users/fredo/.rbenv/versions/2.4.4/lib/ruby/gems/2.4.0/gems/actionpack-5.0.1/lib/action_dispatch/middleware/templates/rescues/_source.html.erb (2.5ms)
  Rendering /Users/fredo/.rbenv/versions/2.4.4/lib/ruby/gems/2.4.0/gems/actionpack-5.0.1/lib/action_dispatch/middleware/templates/rescues/_trace.html.erb
  Rendered /Users/fredo/.rbenv/versions/2.4.4/lib/ruby/gems/2.4.0/gems/actionpack-5.0.1/lib/action_dispatch/middleware/templates/rescues/_trace.html.erb (1.1ms)
  Rendering /Users/fredo/.rbenv/versions/2.4.4/lib/ruby/gems/2.4.0/gems/actionpack-5.0.1/lib/action_dispatch/middleware/templates/rescues/_request_and_response.html.erb
  Rendered /Users/fredo/.rbenv/versions/2.4.4/lib/ruby/gems/2.4.0/gems/actionpack-5.0.1/lib/action_dispatch/middleware/templates/rescues/_request_and_response.html.erb (0.7ms)
  Rendered /Users/fredo/.rbenv/versions/2.4.4/lib/ruby/gems/2.4.0/gems/actionpack-5.0.1/lib/action_dispatch/middleware/templates/rescues/diagnostics.html.erb within rescues/layout (70.3ms)
  [1m[35m (1.1ms)[0m  [1m[35mCREATE TABLE "users" ("id" INTEGER PRIMARY KEY AUTOINCREMENT NOT NULL, "email" varchar DEFAULT '' NOT NULL, "encrypted_password" varchar DEFAULT '' NOT NULL, "reset_password_token" varchar, "reset_password_sent_at" datetime, "remember_created_at" datetime, "sign_in_count" integer DEFAULT 0 NOT NULL, "current_sign_in_at" datetime, "last_sign_in_at" datetime, "current_sign_in_ip" varchar, "last_sign_in_ip" varchar, "created_at" datetime NOT NULL, "updated_at" datetime NOT NULL)[0m
  [1m[35m (0.0ms)[0m  [1m[34mselect sqlite_version(*)[0m
  [1m[35m (0.6ms)[0m  [1m[35mCREATE UNIQUE INDEX "index_users_on_email" ON "users" ("email")[0m
  [1m[35m (0.1ms)[0m  [1m[34m            SELECT sql
            FROM sqlite_master
            WHERE name='index_users_on_email' AND type='index'
            UNION ALL
            SELECT sql
            FROM sqlite_temp_master
            WHERE name='index_users_on_email' AND type='index'
[0m
  [1m[35m (0.7ms)[0m  [1m[35mCREATE UNIQUE INDEX "index_users_on_reset_password_token" ON "users" ("reset_password_token")[0m
  [1m[35m (0.7ms)[0m  [1m[35mCREATE TABLE "schema_migrations" ("version" varchar NOT NULL PRIMARY KEY)[0m
  [1m[35m (0.1ms)[0m  [1m[34mSELECT version FROM "schema_migrations"[0m
  [1m[35m (0.6ms)[0m  [1m[32mINSERT INTO "schema_migrations" (version) VALUES ('20160907132658')[0m
  [1m[35m (1.0ms)[0m  [1m[35mCREATE TABLE "ar_internal_metadata" ("key" varchar NOT NULL PRIMARY KEY, "value" varchar, "created_at" datetime NOT NULL, "updated_at" datetime NOT NULL)[0m
  [1m[36mActiveRecord::InternalMetadata Load (0.1ms)[0m  [1m[34mSELECT  "ar_internal_metadata".* FROM "ar_internal_metadata" WHERE "ar_internal_metadata"."key" = ? LIMIT ?[0m  [["key", :environment], ["LIMIT", 1]]
  [1m[35m (0.1ms)[0m  [1m[36mbegin transaction[0m
  [1m[35mSQL (0.3ms)[0m  [1m[32mINSERT INTO "ar_internal_metadata" ("key", "value", "created_at", "updated_at") VALUES (?, ?, ?, ?)[0m  [["key", "environment"], ["value", "development"], ["created_at", 2018-12-05 20:03:37 UTC], ["updated_at", 2018-12-05 20:03:37 UTC]]
  [1m[35m (0.5ms)[0m  [1m[36mcommit transaction[0m
  [1m[36mActiveRecord::InternalMetadata Load (0.1ms)[0m  [1m[34mSELECT  "ar_internal_metadata".* FROM "ar_internal_metadata" WHERE "ar_internal_metadata"."key" = ? LIMIT ?[0m  [["key", :environment], ["LIMIT", 1]]
  [1m[35m (0.0ms)[0m  [1m[36mbegin transaction[0m
  [1m[35m (0.0ms)[0m  [1m[36mcommit transaction[0m
  [1m[35m (0.8ms)[0m  [1m[35mCREATE TABLE "users" ("id" INTEGER PRIMARY KEY AUTOINCREMENT NOT NULL, "email" varchar DEFAULT '' NOT NULL, "encrypted_password" varchar DEFAULT '' NOT NULL, "reset_password_token" varchar, "reset_password_sent_at" datetime, "remember_created_at" datetime, "sign_in_count" integer DEFAULT 0 NOT NULL, "current_sign_in_at" datetime, "last_sign_in_at" datetime, "current_sign_in_ip" varchar, "last_sign_in_ip" varchar, "created_at" datetime NOT NULL, "updated_at" datetime NOT NULL)[0m
  [1m[35m (0.0ms)[0m  [1m[34mselect sqlite_version(*)[0m
  [1m[35m (0.6ms)[0m  [1m[35mCREATE UNIQUE INDEX "index_users_on_email" ON "users" ("email")[0m
  [1m[35m (0.1ms)[0m  [1m[34m            SELECT sql
            FROM sqlite_master
            WHERE name='index_users_on_email' AND type='index'
            UNION ALL
            SELECT sql
            FROM sqlite_temp_master
            WHERE name='index_users_on_email' AND type='index'
[0m
  [1m[35m (0.5ms)[0m  [1m[35mCREATE UNIQUE INDEX "index_users_on_reset_password_token" ON "users" ("reset_password_token")[0m
  [1m[35m (0.5ms)[0m  [1m[35mCREATE TABLE "schema_migrations" ("version" varchar NOT NULL PRIMARY KEY)[0m
  [1m[35m (0.1ms)[0m  [1m[34mSELECT version FROM "schema_migrations"[0m
  [1m[35m (0.6ms)[0m  [1m[32mINSERT INTO "schema_migrations" (version) VALUES ('20160907132658')[0m
  [1m[35m (0.5ms)[0m  [1m[35mCREATE TABLE "ar_internal_metadata" ("key" varchar NOT NULL PRIMARY KEY, "value" varchar, "created_at" datetime NOT NULL, "updated_at" datetime NOT NULL)[0m
  [1m[36mActiveRecord::InternalMetadata Load (0.1ms)[0m  [1m[34mSELECT  "ar_internal_metadata".* FROM "ar_internal_metadata" WHERE "ar_internal_metadata"."key" = ? LIMIT ?[0m  [["key", :environment], ["LIMIT", 1]]
  [1m[35m (0.0ms)[0m  [1m[36mbegin transaction[0m
  [1m[35mSQL (0.2ms)[0m  [1m[32mINSERT INTO "ar_internal_metadata" ("key", "value", "created_at", "updated_at") VALUES (?, ?, ?, ?)[0m  [["key", "environment"], ["value", "development"], ["created_at", 2018-12-05 20:03:37 UTC], ["updated_at", 2018-12-05 20:03:37 UTC]]
  [1m[35m (0.4ms)[0m  [1m[36mcommit transaction[0m
  [1m[36mActiveRecord::InternalMetadata Load (0.1ms)[0m  [1m[34mSELECT  "ar_internal_metadata".* FROM "ar_internal_metadata" WHERE "ar_internal_metadata"."key" = ? LIMIT ?[0m  [["key", :environment], ["LIMIT", 1]]
  [1m[35m (0.0ms)[0m  [1m[36mbegin transaction[0m
  [1m[35m (0.0ms)[0m  [1m[36mcommit transaction[0m
  [1m[36mActiveRecord::SchemaMigration Load (0.1ms)[0m  [1m[34mSELECT "schema_migrations".* FROM "schema_migrations"[0m
  [1m[35m (0.1ms)[0m  [1m[36mbegin transaction[0m
  [1m[36mUser Exists (0.1ms)[0m  [1m[34mSELECT  1 AS one FROM "users" WHERE "users"."email" = ? LIMIT ?[0m  [["email", "smartadmin@example.org"], ["LIMIT", 1]]
  [1m[35mSQL (0.3ms)[0m  [1m[32mINSERT INTO "users" ("email", "encrypted_password", "created_at", "updated_at") VALUES (?, ?, ?, ?)[0m  [["email", "smartadmin@example.org"], ["encrypted_password", "$2a$11$kG66p4.b.kAFgSExjJYf4e9b709OjFm/geOoc4qUDQp622zP3evr."], ["created_at", 2018-12-05 20:03:37 UTC], ["updated_at", 2018-12-05 20:03:37 UTC]]
  [1m[35m (0.5ms)[0m  [1m[36mcommit transaction[0m
Started GET "/" for ::1 at 2018-12-05 21:03:53 +0100
  [1m[36mActiveRecord::SchemaMigration Load (0.1ms)[0m  [1m[34mSELECT "schema_migrations".* FROM "schema_migrations"[0m
DEPRECATION WARNING: before_filter is deprecated and will be removed in Rails 5.1. Use before_action instead. (called from <class:ApplicationController> at /Users/fredo/code/fredo75/full/app/controllers/application_controller.rb:3)
Processing by DashboardController#analytics as HTML
  [1m[36mUser Load (0.2ms)[0m  [1m[34mSELECT  "users".* FROM "users" WHERE "users"."id" = ? ORDER BY "users"."id" ASC LIMIT ?[0m  [["id", 1], ["LIMIT", 1]]
  [1m[36mCACHE (0.0ms)[0m  [1m[34mSELECT  "users".* FROM "users" WHERE "users"."id" = ? ORDER BY "users"."id" ASC LIMIT ?[0m  [["id", 1], ["LIMIT", 1]]
Completed 401 Unauthorized in 29ms (ActiveRecord: 0.7ms)


Started GET "/users/sign_in" for ::1 at 2018-12-05 21:03:53 +0100
Processing by Devise::SessionsController#new as HTML
  Rendering devise/sessions/new.html.erb within layouts/application
  Rendered devise/sessions/new.html.erb within layouts/application (16957.2ms)
  Rendered layouts/_header.html.erb (3.3ms)
Completed 200 OK in 18538ms (Views: 18535.9ms | ActiveRecord: 0.0ms)


Started POST "/users/sign_in" for ::1 at 2018-12-05 21:04:48 +0100
Processing by Devise::SessionsController#create as HTML
  Parameters: {"utf8"=>"✓", "authenticity_token"=>"guvvcnyjCWCM6My0rhzCX23IHiuUzFuIcf10BT0sc+PZdK5JWu3mQKTKQgUVIKwvX7lLnxwn+QCt/humm8iDTQ==", "user"=>{"email"=>"smartadmin@example.org", "password"=>"[FILTERED]", "remember_me"=>"1"}}
  [1m[36mUser Load (0.3ms)[0m  [1m[34mSELECT  "users".* FROM "users" WHERE "users"."email" = ? ORDER BY "users"."id" ASC LIMIT ?[0m  [["email", "smartadmin@example.org"], ["LIMIT", 1]]
  [1m[35m (0.1ms)[0m  [1m[36mbegin transaction[0m
  [1m[35mSQL (0.3ms)[0m  [1m[33mUPDATE "users" SET "remember_created_at" = ?, "updated_at" = ? WHERE "users"."id" = ?[0m  [["remember_created_at", 2018-12-05 20:04:49 UTC], ["updated_at", 2018-12-05 20:04:49 UTC], ["id", 1]]
  [1m[35m (0.6ms)[0m  [1m[36mcommit transaction[0m
  [1m[35m (0.0ms)[0m  [1m[36mbegin transaction[0m
  [1m[35mSQL (0.2ms)[0m  [1m[33mUPDATE "users" SET "sign_in_count" = ?, "current_sign_in_at" = ?, "last_sign_in_at" = ?, "current_sign_in_ip" = ?, "last_sign_in_ip" = ?, "updated_at" = ? WHERE "users"."id" = ?[0m  [["sign_in_count", 1], ["current_sign_in_at", 2018-12-05 20:04:49 UTC], ["last_sign_in_at", 2018-12-05 20:04:49 UTC], ["current_sign_in_ip", "::1"], ["last_sign_in_ip", "::1"], ["updated_at", 2018-12-05 20:04:49 UTC], ["id", 1]]
  [1m[35m (0.7ms)[0m  [1m[36mcommit transaction[0m
Redirected to http://localhost:3000/
Completed 302 Found in 167ms (ActiveRecord: 2.2ms)


Started GET "/" for ::1 at 2018-12-05 21:04:49 +0100
Processing by DashboardController#analytics as HTML
  [1m[36mUser Load (0.1ms)[0m  [1m[34mSELECT  "users".* FROM "users" WHERE "users"."id" = ? ORDER BY "users"."id" ASC LIMIT ?[0m  [["id", 1], ["LIMIT", 1]]
  Rendering dashboard/analytics.html.erb within layouts/application
  Rendered dashboard/analytics.html.erb within layouts/application (8.8ms)
  Rendered layouts/_locale_select.html.erb (5.9ms)
  Rendered layouts/_header.html.erb (11.0ms)
  Rendered layouts/_left_panel.html.erb (11.6ms)
  Rendered layouts/_footer.html.erb (0.3ms)
  Rendered layouts/_tiles.html.erb (0.7ms)
Completed 200 OK in 290ms (Views: 287.2ms | ActiveRecord: 0.1ms)


Started GET "/img/logo-white.png" for ::1 at 2018-12-05 21:05:24 +0100
  
ActionController::RoutingError (No route matches [GET] "/img/logo-white.png"):
  
actionpack (5.0.1) lib/action_dispatch/middleware/debug_exceptions.rb:53:in `call'
web-console (3.3.1) lib/web_console/middleware.rb:131:in `call_app'
web-console (3.3.1) lib/web_console/middleware.rb:28:in `block in call'
web-console (3.3.1) lib/web_console/middleware.rb:18:in `catch'
web-console (3.3.1) lib/web_console/middleware.rb:18:in `call'
actionpack (5.0.1) lib/action_dispatch/middleware/show_exceptions.rb:31:in `call'
railties (5.0.0.1) lib/rails/rack/logger.rb:36:in `call_app'
railties (5.0.0.1) lib/rails/rack/logger.rb:24:in `block in call'
activesupport (5.0.1) lib/active_support/tagged_logging.rb:69:in `block in tagged'
activesupport (5.0.1) lib/active_support/tagged_logging.rb:26:in `tagged'
activesupport (5.0.1) lib/active_support/tagged_logging.rb:69:in `tagged'
railties (5.0.0.1) lib/rails/rack/logger.rb:24:in `call'
sprockets-rails (3.1.1) lib/sprockets/rails/quiet_assets.rb:13:in `call'
actionpack (5.0.1) lib/action_dispatch/middleware/request_id.rb:24:in `call'
rack (2.0.1) lib/rack/method_override.rb:22:in `call'
rack (2.0.1) lib/rack/runtime.rb:22:in `call'
activesupport (5.0.1) lib/active_support/cache/strategy/local_cache_middleware.rb:28:in `call'
actionpack (5.0.1) lib/action_dispatch/middleware/executor.rb:12:in `call'
actionpack (5.0.1) lib/action_dispatch/middleware/static.rb:136:in `call'
rack (2.0.1) lib/rack/sendfile.rb:111:in `call'
railties (5.0.0.1) lib/rails/engine.rb:522:in `call'
puma (3.6.0) lib/puma/configuration.rb:225:in `call'
puma (3.6.0) lib/puma/server.rb:578:in `handle_request'
puma (3.6.0) lib/puma/server.rb:415:in `process_client'
puma (3.6.0) lib/puma/server.rb:275:in `block in run'
puma (3.6.0) lib/puma/thread_pool.rb:116:in `block in spawn_thread'
  Rendering /Users/fredo/.rbenv/versions/2.4.4/lib/ruby/gems/2.4.0/gems/actionpack-5.0.1/lib/action_dispatch/middleware/templates/rescues/routing_error.html.erb within rescues/layout
  Rendering /Users/fredo/.rbenv/versions/2.4.4/lib/ruby/gems/2.4.0/gems/actionpack-5.0.1/lib/action_dispatch/middleware/templates/rescues/_trace.html.erb
  Rendered /Users/fredo/.rbenv/versions/2.4.4/lib/ruby/gems/2.4.0/gems/actionpack-5.0.1/lib/action_dispatch/middleware/templates/rescues/_trace.html.erb (1.1ms)
  Rendered collection of /Users/fredo/.rbenv/versions/2.4.4/lib/ruby/gems/2.4.0/gems/actionpack-5.0.1/lib/action_dispatch/middleware/templates/routes/_route.html.erb [88 times] (25.2ms)
  Rendered collection of /Users/fredo/.rbenv/versions/2.4.4/lib/ruby/gems/2.4.0/gems/actionpack-5.0.1/lib/action_dispatch/middleware/templates/routes/_route.html.erb [6 times] (2.1ms)
  Rendered /Users/fredo/.rbenv/versions/2.4.4/lib/ruby/gems/2.4.0/gems/actionpack-5.0.1/lib/action_dispatch/middleware/templates/routes/_table.html.erb (3.0ms)
  Rendering /Users/fredo/.rbenv/versions/2.4.4/lib/ruby/gems/2.4.0/gems/actionpack-5.0.1/lib/action_dispatch/middleware/templates/rescues/_request_and_response.html.erb
  Rendered /Users/fredo/.rbenv/versions/2.4.4/lib/ruby/gems/2.4.0/gems/actionpack-5.0.1/lib/action_dispatch/middleware/templates/rescues/_request_and_response.html.erb (1.8ms)
  Rendered /Users/fredo/.rbenv/versions/2.4.4/lib/ruby/gems/2.4.0/gems/actionpack-5.0.1/lib/action_dispatch/middleware/templates/rescues/routing_error.html.erb within rescues/layout (134.1ms)
Started GET "/img/logo-pale.png" for ::1 at 2018-12-05 21:05:28 +0100
  
ActionController::RoutingError (No route matches [GET] "/img/logo-pale.png"):
  
actionpack (5.0.1) lib/action_dispatch/middleware/debug_exceptions.rb:53:in `call'
web-console (3.3.1) lib/web_console/middleware.rb:131:in `call_app'
web-console (3.3.1) lib/web_console/middleware.rb:28:in `block in call'
web-console (3.3.1) lib/web_console/middleware.rb:18:in `catch'
web-console (3.3.1) lib/web_console/middleware.rb:18:in `call'
actionpack (5.0.1) lib/action_dispatch/middleware/show_exceptions.rb:31:in `call'
railties (5.0.0.1) lib/rails/rack/logger.rb:36:in `call_app'
railties (5.0.0.1) lib/rails/rack/logger.rb:24:in `block in call'
activesupport (5.0.1) lib/active_support/tagged_logging.rb:69:in `block in tagged'
activesupport (5.0.1) lib/active_support/tagged_logging.rb:26:in `tagged'
activesupport (5.0.1) lib/active_support/tagged_logging.rb:69:in `tagged'
railties (5.0.0.1) lib/rails/rack/logger.rb:24:in `call'
sprockets-rails (3.1.1) lib/sprockets/rails/quiet_assets.rb:13:in `call'
actionpack (5.0.1) lib/action_dispatch/middleware/request_id.rb:24:in `call'
rack (2.0.1) lib/rack/method_override.rb:22:in `call'
rack (2.0.1) lib/rack/runtime.rb:22:in `call'
activesupport (5.0.1) lib/active_support/cache/strategy/local_cache_middleware.rb:28:in `call'
actionpack (5.0.1) lib/action_dispatch/middleware/executor.rb:12:in `call'
actionpack (5.0.1) lib/action_dispatch/middleware/static.rb:136:in `call'
rack (2.0.1) lib/rack/sendfile.rb:111:in `call'
railties (5.0.0.1) lib/rails/engine.rb:522:in `call'
puma (3.6.0) lib/puma/configuration.rb:225:in `call'
puma (3.6.0) lib/puma/server.rb:578:in `handle_request'
puma (3.6.0) lib/puma/server.rb:415:in `process_client'
puma (3.6.0) lib/puma/server.rb:275:in `block in run'
puma (3.6.0) lib/puma/thread_pool.rb:116:in `block in spawn_thread'
  Rendering /Users/fredo/.rbenv/versions/2.4.4/lib/ruby/gems/2.4.0/gems/actionpack-5.0.1/lib/action_dispatch/middleware/templates/rescues/routing_error.html.erb within rescues/layout
  Rendering /Users/fredo/.rbenv/versions/2.4.4/lib/ruby/gems/2.4.0/gems/actionpack-5.0.1/lib/action_dispatch/middleware/templates/rescues/_trace.html.erb
  Rendered /Users/fredo/.rbenv/versions/2.4.4/lib/ruby/gems/2.4.0/gems/actionpack-5.0.1/lib/action_dispatch/middleware/templates/rescues/_trace.html.erb (1.0ms)
  Rendered collection of /Users/fredo/.rbenv/versions/2.4.4/lib/ruby/gems/2.4.0/gems/actionpack-5.0.1/lib/action_dispatch/middleware/templates/routes/_route.html.erb [88 times] (18.4ms)
  Rendered collection of /Users/fredo/.rbenv/versions/2.4.4/lib/ruby/gems/2.4.0/gems/actionpack-5.0.1/lib/action_dispatch/middleware/templates/routes/_route.html.erb [6 times] (1.2ms)
  Rendered /Users/fredo/.rbenv/versions/2.4.4/lib/ruby/gems/2.4.0/gems/actionpack-5.0.1/lib/action_dispatch/middleware/templates/routes/_table.html.erb (0.9ms)
  Rendering /Users/fredo/.rbenv/versions/2.4.4/lib/ruby/gems/2.4.0/gems/actionpack-5.0.1/lib/action_dispatch/middleware/templates/rescues/_request_and_response.html.erb
  Rendered /Users/fredo/.rbenv/versions/2.4.4/lib/ruby/gems/2.4.0/gems/actionpack-5.0.1/lib/action_dispatch/middleware/templates/rescues/_request_and_response.html.erb (1.0ms)
  Rendered /Users/fredo/.rbenv/versions/2.4.4/lib/ruby/gems/2.4.0/gems/actionpack-5.0.1/lib/action_dispatch/middleware/templates/rescues/routing_error.html.erb within rescues/layout (109.7ms)
Started GET "/graphs/chart_js" for ::1 at 2018-12-05 21:05:41 +0100
Processing by GraphsController#chart_js as HTML
  [1m[36mUser Load (0.3ms)[0m  [1m[34mSELECT  "users".* FROM "users" WHERE "users"."id" = ? ORDER BY "users"."id" ASC LIMIT ?[0m  [["id", 1], ["LIMIT", 1]]
  Rendering graphs/chart_js.html.erb within layouts/application
  Rendered graphs/chart_js.html.erb within layouts/application (0.9ms)
  Rendered layouts/_locale_select.html.erb (4.6ms)
  Rendered layouts/_header.html.erb (10.2ms)
  Rendered layouts/_left_panel.html.erb (10.0ms)
  Rendered layouts/_footer.html.erb (0.3ms)
  Rendered layouts/_tiles.html.erb (0.8ms)
Completed 200 OK in 273ms (Views: 269.4ms | ActiveRecord: 0.3ms)


Started GET "/graphs/sparklines" for ::1 at 2018-12-05 21:06:06 +0100
Processing by GraphsController#sparklines as HTML
  [1m[36mUser Load (0.2ms)[0m  [1m[34mSELECT  "users".* FROM "users" WHERE "users"."id" = ? ORDER BY "users"."id" ASC LIMIT ?[0m  [["id", 1], ["LIMIT", 1]]
  Rendering graphs/sparklines.html.erb within layouts/application
  Rendered graphs/sparklines.html.erb within layouts/application (0.6ms)
  Rendered layouts/_locale_select.html.erb (4.0ms)
  Rendered layouts/_header.html.erb (7.3ms)
  Rendered layouts/_left_panel.html.erb (8.1ms)
  Rendered layouts/_footer.html.erb (0.3ms)
  Rendered layouts/_tiles.html.erb (0.8ms)
  Rendered layouts/_scripts.html.erb (0.3ms)
Completed 200 OK in 211ms (Views: 207.6ms | ActiveRecord: 0.2ms)


Started GET "/" for ::1 at 2018-12-05 21:07:40 +0100
Processing by DashboardController#analytics as HTML
  [1m[36mUser Load (0.2ms)[0m  [1m[34mSELECT  "users".* FROM "users" WHERE "users"."id" = ? ORDER BY "users"."id" ASC LIMIT ?[0m  [["id", 1], ["LIMIT", 1]]
  Rendering dashboard/analytics.html.erb within layouts/application
  Rendered dashboard/analytics.html.erb within layouts/application (6.4ms)
  Rendered layouts/_locale_select.html.erb (7.9ms)
  Rendered layouts/_header.html.erb (11.2ms)
  Rendered layouts/_left_panel.html.erb (9.1ms)
  Rendered layouts/_footer.html.erb (0.3ms)
  Rendered layouts/_tiles.html.erb (0.9ms)
Completed 200 OK in 245ms (Views: 241.2ms | ActiveRecord: 0.2ms)


Started GET "/dashboards/dashboard-social" for ::1 at 2018-12-05 21:07:44 +0100
Processing by DashboardController#social as HTML
  [1m[36mUser Load (0.3ms)[0m  [1m[34mSELECT  "users".* FROM "users" WHERE "users"."id" = ? ORDER BY "users"."id" ASC LIMIT ?[0m  [["id", 1], ["LIMIT", 1]]
  Rendering dashboard/social.html.erb within layouts/application
  Rendered dashboard/social.html.erb within layouts/application (11.0ms)
  Rendered layouts/_locale_select.html.erb (4.0ms)
  Rendered layouts/_header.html.erb (9.4ms)
  Rendered layouts/_left_panel.html.erb (6.3ms)
  Rendered layouts/_footer.html.erb (0.3ms)
  Rendered layouts/_tiles.html.erb (0.8ms)
  Rendered layouts/_scripts.html.erb (0.3ms)
Completed 200 OK in 248ms (Views: 244.6ms | ActiveRecord: 0.3ms)


Started GET "/outlook/inbox" for ::1 at 2018-12-05 21:08:42 +0100
Processing by OutlookController#inbox as HTML
  [1m[36mUser Load (0.3ms)[0m  [1m[34mSELECT  "users".* FROM "users" WHERE "users"."id" = ? ORDER BY "users"."id" ASC LIMIT ?[0m  [["id", 1], ["LIMIT", 1]]
  Rendering outlook/inbox.html.erb within layouts/application
  Rendered outlook/inbox.html.erb within layouts/application (0.8ms)
  Rendered layouts/_locale_select.html.erb (4.1ms)
  Rendered layouts/_header.html.erb (8.7ms)
  Rendered layouts/_left_panel.html.erb (8.0ms)
  Rendered layouts/_footer.html.erb (0.3ms)
  Rendered layouts/_tiles.html.erb (0.8ms)
Completed 200 OK in 219ms (Views: 215.5ms | ActiveRecord: 0.3ms)


Started GET "/ajax/email_list" for ::1 at 2018-12-05 21:08:43 +0100
Processing by AjaxController#email_list as HTML
  [1m[36mUser Load (0.2ms)[0m  [1m[34mSELECT  "users".* FROM "users" WHERE "users"."id" = ? ORDER BY "users"."id" ASC LIMIT ?[0m  [["id", 1], ["LIMIT", 1]]
  Rendering ajax/email_list.html.erb
  Rendered ajax/email_list.html.erb (1.2ms)
Completed 200 OK in 36ms (Views: 16.0ms | ActiveRecord: 0.2ms)


Started GET "/ajax/email_opened" for ::1 at 2018-12-05 21:08:53 +0100
Processing by AjaxController#email_opened as HTML
  [1m[36mUser Load (0.2ms)[0m  [1m[34mSELECT  "users".* FROM "users" WHERE "users"."id" = ? ORDER BY "users"."id" ASC LIMIT ?[0m  [["id", 1], ["LIMIT", 1]]
  Rendering ajax/email_opened.html.erb
  Rendered ajax/email_opened.html.erb (6.7ms)
Completed 200 OK in 43ms (Views: 23.0ms | ActiveRecord: 0.2ms)


Started GET "/app_views/projects" for ::1 at 2018-12-05 21:09:08 +0100
Processing by AppViewsController#projects as HTML
  [1m[36mUser Load (0.2ms)[0m  [1m[34mSELECT  "users".* FROM "users" WHERE "users"."id" = ? ORDER BY "users"."id" ASC LIMIT ?[0m  [["id", 1], ["LIMIT", 1]]
  Rendering app_views/projects.html.erb within layouts/application
  Rendered app_views/projects.html.erb within layouts/application (0.9ms)
  Rendered layouts/_locale_select.html.erb (3.9ms)
  Rendered layouts/_header.html.erb (7.2ms)
  Rendered layouts/_left_panel.html.erb (7.1ms)
  Rendered layouts/_footer.html.erb (0.3ms)
  Rendered layouts/_tiles.html.erb (0.8ms)
Completed 200 OK in 204ms (Views: 200.7ms | ActiveRecord: 0.2ms)


Started GET "/ajax/data_list.json?_=1544040549145" for ::1 at 2018-12-05 21:09:10 +0100
Processing by AjaxController#data_list as JSON
  Parameters: {"_"=>"1544040549145"}
  [1m[36mUser Load (0.2ms)[0m  [1m[34mSELECT  "users".* FROM "users" WHERE "users"."id" = ? ORDER BY "users"."id" ASC LIMIT ?[0m  [["id", 1], ["LIMIT", 1]]
  Rendering ajax/data_list.json.erb
  Rendered ajax/data_list.json.erb (17.1ms)
Completed 200 OK in 51ms (Views: 29.5ms | ActiveRecord: 0.2ms)


Started GET "/app_views/blog" for ::1 at 2018-12-05 21:09:26 +0100
Processing by AppViewsController#blog as HTML
  [1m[36mUser Load (0.2ms)[0m  [1m[34mSELECT  "users".* FROM "users" WHERE "users"."id" = ? ORDER BY "users"."id" ASC LIMIT ?[0m  [["id", 1], ["LIMIT", 1]]
  Rendering app_views/blog.html.erb within layouts/application
  Rendered app_views/blog.html.erb within layouts/application (8.3ms)
  Rendered layouts/_locale_select.html.erb (5.0ms)
  Rendered layouts/_header.html.erb (8.9ms)
  Rendered layouts/_left_panel.html.erb (8.1ms)
  Rendered layouts/_footer.html.erb (0.3ms)
  Rendered layouts/_tiles.html.erb (0.7ms)
  Rendered layouts/_scripts.html.erb (0.4ms)
Completed 200 OK in 228ms (Views: 224.6ms | ActiveRecord: 0.2ms)


Started GET "/app_views/forum_layout_general_view" for ::1 at 2018-12-05 21:09:39 +0100
Processing by AppViewsController#forum_layout_general_view as HTML
  [1m[36mUser Load (0.4ms)[0m  [1m[34mSELECT  "users".* FROM "users" WHERE "users"."id" = ? ORDER BY "users"."id" ASC LIMIT ?[0m  [["id", 1], ["LIMIT", 1]]
  Rendering app_views/forum_layout_general_view.html.erb within layouts/application
  Rendered app_views/forum_layout_general_view.html.erb within layouts/application (1.2ms)
  Rendered layouts/_locale_select.html.erb (3.8ms)
  Rendered layouts/_header.html.erb (7.2ms)
  Rendered layouts/_left_panel.html.erb (9.3ms)
  Rendered layouts/_footer.html.erb (0.3ms)
  Rendered layouts/_tiles.html.erb (0.8ms)
  Rendered layouts/_scripts.html.erb (0.4ms)
Completed 200 OK in 236ms (Views: 230.8ms | ActiveRecord: 0.4ms)


Started GET "/ui_elements/general_elements" for ::1 at 2018-12-05 21:09:46 +0100
Processing by UiElementsController#general_elements as HTML
  [1m[36mUser Load (0.2ms)[0m  [1m[34mSELECT  "users".* FROM "users" WHERE "users"."id" = ? ORDER BY "users"."id" ASC LIMIT ?[0m  [["id", 1], ["LIMIT", 1]]
  Rendering ui_elements/general_elements.html.erb within layouts/application
  Rendered ui_elements/general_elements.html.erb within layouts/application (15.6ms)
  Rendered layouts/_locale_select.html.erb (5.3ms)
  Rendered layouts/_header.html.erb (9.9ms)
  Rendered layouts/_left_panel.html.erb (12.1ms)
  Rendered layouts/_footer.html.erb (0.3ms)
  Rendered layouts/_tiles.html.erb (0.8ms)
Completed 200 OK in 244ms (Views: 240.4ms | ActiveRecord: 0.2ms)


Started GET "/cool_features/calendar" for ::1 at 2018-12-05 21:12:30 +0100
Processing by CoolFeaturesController#calendar as HTML
  [1m[36mUser Load (0.1ms)[0m  [1m[34mSELECT  "users".* FROM "users" WHERE "users"."id" = ? ORDER BY "users"."id" ASC LIMIT ?[0m  [["id", 1], ["LIMIT", 1]]
  Rendering cool_features/calendar.html.erb within layouts/application
  Rendered cool_features/calendar.html.erb within layouts/application (0.9ms)
  Rendered layouts/_locale_select.html.erb (4.2ms)
  Rendered layouts/_header.html.erb (8.9ms)
  Rendered layouts/_left_panel.html.erb (7.5ms)
  Rendered layouts/_footer.html.erb (0.3ms)
  Rendered layouts/_tiles.html.erb (0.9ms)
Completed 200 OK in 197ms (Views: 193.1ms | ActiveRecord: 0.1ms)


Started GET "/cool_features/img/logo-white.png" for ::1 at 2018-12-05 21:18:32 +0100
  
ActionController::RoutingError (No route matches [GET] "/cool_features/img/logo-white.png"):
  
actionpack (5.0.1) lib/action_dispatch/middleware/debug_exceptions.rb:53:in `call'
web-console (3.3.1) lib/web_console/middleware.rb:131:in `call_app'
web-console (3.3.1) lib/web_console/middleware.rb:28:in `block in call'
web-console (3.3.1) lib/web_console/middleware.rb:18:in `catch'
web-console (3.3.1) lib/web_console/middleware.rb:18:in `call'
actionpack (5.0.1) lib/action_dispatch/middleware/show_exceptions.rb:31:in `call'
railties (5.0.0.1) lib/rails/rack/logger.rb:36:in `call_app'
railties (5.0.0.1) lib/rails/rack/logger.rb:24:in `block in call'
activesupport (5.0.1) lib/active_support/tagged_logging.rb:69:in `block in tagged'
activesupport (5.0.1) lib/active_support/tagged_logging.rb:26:in `tagged'
activesupport (5.0.1) lib/active_support/tagged_logging.rb:69:in `tagged'
railties (5.0.0.1) lib/rails/rack/logger.rb:24:in `call'
sprockets-rails (3.1.1) lib/sprockets/rails/quiet_assets.rb:13:in `call'
actionpack (5.0.1) lib/action_dispatch/middleware/request_id.rb:24:in `call'
rack (2.0.1) lib/rack/method_override.rb:22:in `call'
rack (2.0.1) lib/rack/runtime.rb:22:in `call'
activesupport (5.0.1) lib/active_support/cache/strategy/local_cache_middleware.rb:28:in `call'
actionpack (5.0.1) lib/action_dispatch/middleware/executor.rb:12:in `call'
actionpack (5.0.1) lib/action_dispatch/middleware/static.rb:136:in `call'
rack (2.0.1) lib/rack/sendfile.rb:111:in `call'
railties (5.0.0.1) lib/rails/engine.rb:522:in `call'
puma (3.6.0) lib/puma/configuration.rb:225:in `call'
puma (3.6.0) lib/puma/server.rb:578:in `handle_request'
puma (3.6.0) lib/puma/server.rb:415:in `process_client'
puma (3.6.0) lib/puma/server.rb:275:in `block in run'
puma (3.6.0) lib/puma/thread_pool.rb:116:in `block in spawn_thread'
  Rendering /Users/fredo/.rbenv/versions/2.4.4/lib/ruby/gems/2.4.0/gems/actionpack-5.0.1/lib/action_dispatch/middleware/templates/rescues/routing_error.html.erb within rescues/layout
  Rendering /Users/fredo/.rbenv/versions/2.4.4/lib/ruby/gems/2.4.0/gems/actionpack-5.0.1/lib/action_dispatch/middleware/templates/rescues/_trace.html.erb
  Rendered /Users/fredo/.rbenv/versions/2.4.4/lib/ruby/gems/2.4.0/gems/actionpack-5.0.1/lib/action_dispatch/middleware/templates/rescues/_trace.html.erb (1.4ms)
  Rendered collection of /Users/fredo/.rbenv/versions/2.4.4/lib/ruby/gems/2.4.0/gems/actionpack-5.0.1/lib/action_dispatch/middleware/templates/routes/_route.html.erb [88 times] (17.7ms)
  Rendered collection of /Users/fredo/.rbenv/versions/2.4.4/lib/ruby/gems/2.4.0/gems/actionpack-5.0.1/lib/action_dispatch/middleware/templates/routes/_route.html.erb [6 times] (1.2ms)
  Rendered /Users/fredo/.rbenv/versions/2.4.4/lib/ruby/gems/2.4.0/gems/actionpack-5.0.1/lib/action_dispatch/middleware/templates/routes/_table.html.erb (1.6ms)
  Rendering /Users/fredo/.rbenv/versions/2.4.4/lib/ruby/gems/2.4.0/gems/actionpack-5.0.1/lib/action_dispatch/middleware/templates/rescues/_request_and_response.html.erb
  Rendered /Users/fredo/.rbenv/versions/2.4.4/lib/ruby/gems/2.4.0/gems/actionpack-5.0.1/lib/action_dispatch/middleware/templates/rescues/_request_and_response.html.erb (1.8ms)
  Rendered /Users/fredo/.rbenv/versions/2.4.4/lib/ruby/gems/2.4.0/gems/actionpack-5.0.1/lib/action_dispatch/middleware/templates/rescues/routing_error.html.erb within rescues/layout (177.4ms)
Started GET "/cool_features/img/logo-pale.png" for ::1 at 2018-12-05 21:18:35 +0100
  
ActionController::RoutingError (No route matches [GET] "/cool_features/img/logo-pale.png"):
  
actionpack (5.0.1) lib/action_dispatch/middleware/debug_exceptions.rb:53:in `call'
web-console (3.3.1) lib/web_console/middleware.rb:131:in `call_app'
web-console (3.3.1) lib/web_console/middleware.rb:28:in `block in call'
web-console (3.3.1) lib/web_console/middleware.rb:18:in `catch'
web-console (3.3.1) lib/web_console/middleware.rb:18:in `call'
actionpack (5.0.1) lib/action_dispatch/middleware/show_exceptions.rb:31:in `call'
railties (5.0.0.1) lib/rails/rack/logger.rb:36:in `call_app'
railties (5.0.0.1) lib/rails/rack/logger.rb:24:in `block in call'
activesupport (5.0.1) lib/active_support/tagged_logging.rb:69:in `block in tagged'
activesupport (5.0.1) lib/active_support/tagged_logging.rb:26:in `tagged'
activesupport (5.0.1) lib/active_support/tagged_logging.rb:69:in `tagged'
railties (5.0.0.1) lib/rails/rack/logger.rb:24:in `call'
sprockets-rails (3.1.1) lib/sprockets/rails/quiet_assets.rb:13:in `call'
actionpack (5.0.1) lib/action_dispatch/middleware/request_id.rb:24:in `call'
rack (2.0.1) lib/rack/method_override.rb:22:in `call'
rack (2.0.1) lib/rack/runtime.rb:22:in `call'
activesupport (5.0.1) lib/active_support/cache/strategy/local_cache_middleware.rb:28:in `call'
actionpack (5.0.1) lib/action_dispatch/middleware/executor.rb:12:in `call'
actionpack (5.0.1) lib/action_dispatch/middleware/static.rb:136:in `call'
rack (2.0.1) lib/rack/sendfile.rb:111:in `call'
railties (5.0.0.1) lib/rails/engine.rb:522:in `call'
puma (3.6.0) lib/puma/configuration.rb:225:in `call'
puma (3.6.0) lib/puma/server.rb:578:in `handle_request'
puma (3.6.0) lib/puma/server.rb:415:in `process_client'
puma (3.6.0) lib/puma/server.rb:275:in `block in run'
puma (3.6.0) lib/puma/thread_pool.rb:116:in `block in spawn_thread'
Started GET "/cover.png" for ::1 at 2018-12-05 21:18:35 +0100
  Rendering /Users/fredo/.rbenv/versions/2.4.4/lib/ruby/gems/2.4.0/gems/actionpack-5.0.1/lib/action_dispatch/middleware/templates/rescues/routing_error.html.erb within rescues/layout
  
ActionController::RoutingError (No route matches [GET] "/cover.png"):
  
actionpack (5.0.1) lib/action_dispatch/middleware/debug_exceptions.rb:53:in `call'
web-console (3.3.1) lib/web_console/middleware.rb:131:in `call_app'
web-console (3.3.1) lib/web_console/middleware.rb:28:in `block in call'
web-console (3.3.1) lib/web_console/middleware.rb:18:in `catch'
web-console (3.3.1) lib/web_console/middleware.rb:18:in `call'
actionpack (5.0.1) lib/action_dispatch/middleware/show_exceptions.rb:31:in `call'
railties (5.0.0.1) lib/rails/rack/logger.rb:36:in `call_app'
railties (5.0.0.1) lib/rails/rack/logger.rb:24:in `block in call'
activesupport (5.0.1) lib/active_support/tagged_logging.rb:69:in `block in tagged'
activesupport (5.0.1) lib/active_support/tagged_logging.rb:26:in `tagged'
activesupport (5.0.1) lib/active_support/tagged_logging.rb:69:in `tagged'
railties (5.0.0.1) lib/rails/rack/logger.rb:24:in `call'
sprockets-rails (3.1.1) lib/sprockets/rails/quiet_assets.rb:13:in `call'
actionpack (5.0.1) lib/action_dispatch/middleware/request_id.rb:24:in `call'
rack (2.0.1) lib/rack/method_override.rb:22:in `call'
rack (2.0.1) lib/rack/runtime.rb:22:in `call'
activesupport (5.0.1) lib/active_support/cache/strategy/local_cache_middleware.rb:28:in `call'
actionpack (5.0.1) lib/action_dispatch/middleware/executor.rb:12:in `call'
actionpack (5.0.1) lib/action_dispatch/middleware/static.rb:136:in `call'
rack (2.0.1) lib/rack/sendfile.rb:111:in `call'
railties (5.0.0.1) lib/rails/engine.rb:522:in `call'
puma (3.6.0) lib/puma/configuration.rb:225:in `call'
puma (3.6.0) lib/puma/server.rb:578:in `handle_request'
puma (3.6.0) lib/puma/server.rb:415:in `process_client'
puma (3.6.0) lib/puma/server.rb:275:in `block in run'
puma (3.6.0) lib/puma/thread_pool.rb:116:in `block in spawn_thread'
  Rendering /Users/fredo/.rbenv/versions/2.4.4/lib/ruby/gems/2.4.0/gems/actionpack-5.0.1/lib/action_dispatch/middleware/templates/rescues/_trace.html.erb
  Rendered /Users/fredo/.rbenv/versions/2.4.4/lib/ruby/gems/2.4.0/gems/actionpack-5.0.1/lib/action_dispatch/middleware/templates/rescues/_trace.html.erb (1.1ms)
  Rendered collection of /Users/fredo/.rbenv/versions/2.4.4/lib/ruby/gems/2.4.0/gems/actionpack-5.0.1/lib/action_dispatch/middleware/templates/routes/_route.html.erb [88 times] (17.2ms)
  Rendered collection of /Users/fredo/.rbenv/versions/2.4.4/lib/ruby/gems/2.4.0/gems/actionpack-5.0.1/lib/action_dispatch/middleware/templates/routes/_route.html.erb [6 times] (1.3ms)
  Rendered /Users/fredo/.rbenv/versions/2.4.4/lib/ruby/gems/2.4.0/gems/actionpack-5.0.1/lib/action_dispatch/middleware/templates/routes/_table.html.erb (1.0ms)
  Rendering /Users/fredo/.rbenv/versions/2.4.4/lib/ruby/gems/2.4.0/gems/actionpack-5.0.1/lib/action_dispatch/middleware/templates/rescues/_request_and_response.html.erb
  Rendered /Users/fredo/.rbenv/versions/2.4.4/lib/ruby/gems/2.4.0/gems/actionpack-5.0.1/lib/action_dispatch/middleware/templates/rescues/_request_and_response.html.erb (1.1ms)
  Rendered /Users/fredo/.rbenv/versions/2.4.4/lib/ruby/gems/2.4.0/gems/actionpack-5.0.1/lib/action_dispatch/middleware/templates/rescues/routing_error.html.erb within rescues/layout (171.5ms)
  Rendering /Users/fredo/.rbenv/versions/2.4.4/lib/ruby/gems/2.4.0/gems/actionpack-5.0.1/lib/action_dispatch/middleware/templates/rescues/routing_error.html.erb within rescues/layout
  Rendering /Users/fredo/.rbenv/versions/2.4.4/lib/ruby/gems/2.4.0/gems/actionpack-5.0.1/lib/action_dispatch/middleware/templates/rescues/_trace.html.erb
  Rendered /Users/fredo/.rbenv/versions/2.4.4/lib/ruby/gems/2.4.0/gems/actionpack-5.0.1/lib/action_dispatch/middleware/templates/rescues/_trace.html.erb (1.2ms)
  Rendered collection of /Users/fredo/.rbenv/versions/2.4.4/lib/ruby/gems/2.4.0/gems/actionpack-5.0.1/lib/action_dispatch/middleware/templates/routes/_route.html.erb [88 times] (17.9ms)
  Rendered collection of /Users/fredo/.rbenv/versions/2.4.4/lib/ruby/gems/2.4.0/gems/actionpack-5.0.1/lib/action_dispatch/middleware/templates/routes/_route.html.erb [6 times] (1.9ms)
  Rendered /Users/fredo/.rbenv/versions/2.4.4/lib/ruby/gems/2.4.0/gems/actionpack-5.0.1/lib/action_dispatch/middleware/templates/routes/_table.html.erb (1.2ms)
  Rendering /Users/fredo/.rbenv/versions/2.4.4/lib/ruby/gems/2.4.0/gems/actionpack-5.0.1/lib/action_dispatch/middleware/templates/rescues/_request_and_response.html.erb
  Rendered /Users/fredo/.rbenv/versions/2.4.4/lib/ruby/gems/2.4.0/gems/actionpack-5.0.1/lib/action_dispatch/middleware/templates/rescues/_request_and_response.html.erb (1.1ms)
  Rendered /Users/fredo/.rbenv/versions/2.4.4/lib/ruby/gems/2.4.0/gems/actionpack-5.0.1/lib/action_dispatch/middleware/templates/rescues/routing_error.html.erb within rescues/layout (288.0ms)
Started GET "/cool_features/img/logo-white.png" for ::1 at 2018-12-05 21:18:38 +0100
  
ActionController::RoutingError (No route matches [GET] "/cool_features/img/logo-white.png"):
  
actionpack (5.0.1) lib/action_dispatch/middleware/debug_exceptions.rb:53:in `call'
web-console (3.3.1) lib/web_console/middleware.rb:131:in `call_app'
web-console (3.3.1) lib/web_console/middleware.rb:28:in `block in call'
web-console (3.3.1) lib/web_console/middleware.rb:18:in `catch'
web-console (3.3.1) lib/web_console/middleware.rb:18:in `call'
actionpack (5.0.1) lib/action_dispatch/middleware/show_exceptions.rb:31:in `call'
railties (5.0.0.1) lib/rails/rack/logger.rb:36:in `call_app'
railties (5.0.0.1) lib/rails/rack/logger.rb:24:in `block in call'
activesupport (5.0.1) lib/active_support/tagged_logging.rb:69:in `block in tagged'
activesupport (5.0.1) lib/active_support/tagged_logging.rb:26:in `tagged'
activesupport (5.0.1) lib/active_support/tagged_logging.rb:69:in `tagged'
railties (5.0.0.1) lib/rails/rack/logger.rb:24:in `call'
sprockets-rails (3.1.1) lib/sprockets/rails/quiet_assets.rb:13:in `call'
actionpack (5.0.1) lib/action_dispatch/middleware/request_id.rb:24:in `call'
rack (2.0.1) lib/rack/method_override.rb:22:in `call'
rack (2.0.1) lib/rack/runtime.rb:22:in `call'
activesupport (5.0.1) lib/active_support/cache/strategy/local_cache_middleware.rb:28:in `call'
actionpack (5.0.1) lib/action_dispatch/middleware/executor.rb:12:in `call'
actionpack (5.0.1) lib/action_dispatch/middleware/static.rb:136:in `call'
rack (2.0.1) lib/rack/sendfile.rb:111:in `call'
railties (5.0.0.1) lib/rails/engine.rb:522:in `call'
puma (3.6.0) lib/puma/configuration.rb:225:in `call'
puma (3.6.0) lib/puma/server.rb:578:in `handle_request'
puma (3.6.0) lib/puma/server.rb:415:in `process_client'
puma (3.6.0) lib/puma/server.rb:275:in `block in run'
puma (3.6.0) lib/puma/thread_pool.rb:116:in `block in spawn_thread'
  Rendering /Users/fredo/.rbenv/versions/2.4.4/lib/ruby/gems/2.4.0/gems/actionpack-5.0.1/lib/action_dispatch/middleware/templates/rescues/routing_error.html.erb within rescues/layout
  Rendering /Users/fredo/.rbenv/versions/2.4.4/lib/ruby/gems/2.4.0/gems/actionpack-5.0.1/lib/action_dispatch/middleware/templates/rescues/_trace.html.erb
  Rendered /Users/fredo/.rbenv/versions/2.4.4/lib/ruby/gems/2.4.0/gems/actionpack-5.0.1/lib/action_dispatch/middleware/templates/rescues/_trace.html.erb (1.1ms)
  Rendered collection of /Users/fredo/.rbenv/versions/2.4.4/lib/ruby/gems/2.4.0/gems/actionpack-5.0.1/lib/action_dispatch/middleware/templates/routes/_route.html.erb [88 times] (17.0ms)
  Rendered collection of /Users/fredo/.rbenv/versions/2.4.4/lib/ruby/gems/2.4.0/gems/actionpack-5.0.1/lib/action_dispatch/middleware/templates/routes/_route.html.erb [6 times] (1.1ms)
  Rendered /Users/fredo/.rbenv/versions/2.4.4/lib/ruby/gems/2.4.0/gems/actionpack-5.0.1/lib/action_dispatch/middleware/templates/routes/_table.html.erb (1.0ms)
  Rendering /Users/fredo/.rbenv/versions/2.4.4/lib/ruby/gems/2.4.0/gems/actionpack-5.0.1/lib/action_dispatch/middleware/templates/rescues/_request_and_response.html.erb
  Rendered /Users/fredo/.rbenv/versions/2.4.4/lib/ruby/gems/2.4.0/gems/actionpack-5.0.1/lib/action_dispatch/middleware/templates/rescues/_request_and_response.html.erb (1.2ms)
  Rendered /Users/fredo/.rbenv/versions/2.4.4/lib/ruby/gems/2.4.0/gems/actionpack-5.0.1/lib/action_dispatch/middleware/templates/rescues/routing_error.html.erb within rescues/layout (157.1ms)
Started GET "/home/set_locale?locale=en" for ::1 at 2018-12-05 21:18:55 +0100
Processing by HomeController#set_locale as HTML
  Parameters: {"locale"=>"en"}
  [1m[36mUser Load (0.1ms)[0m  [1m[34mSELECT  "users".* FROM "users" WHERE "users"."id" = ? ORDER BY "users"."id" ASC LIMIT ?[0m  [["id", 1], ["LIMIT", 1]]
DEPRECATION WARNING: `redirect_to :back` is deprecated and will be removed from Rails 5.1. Please use `redirect_back(fallback_location: fallback_location)` where `fallback_location` represents the location to use if the request has no HTTP referer information. (called from set_locale at /Users/fredo/code/fredo75/full/app/controllers/home_controller.rb:4)
Redirected to http://localhost:3000/cool_features/calendar
Completed 302 Found in 2ms (ActiveRecord: 0.1ms)


Started GET "/cool_features/calendar" for ::1 at 2018-12-05 21:18:55 +0100
Processing by CoolFeaturesController#calendar as HTML
  [1m[36mUser Load (0.2ms)[0m  [1m[34mSELECT  "users".* FROM "users" WHERE "users"."id" = ? ORDER BY "users"."id" ASC LIMIT ?[0m  [["id", 1], ["LIMIT", 1]]
  Rendering cool_features/calendar.html.erb within layouts/application
  Rendered cool_features/calendar.html.erb within layouts/application (1.0ms)
  Rendered layouts/_locale_select.html.erb (3.7ms)
  Rendered layouts/_header.html.erb (6.7ms)
  Rendered layouts/_left_panel.html.erb (8.3ms)
  Rendered layouts/_footer.html.erb (0.3ms)
  Rendered layouts/_tiles.html.erb (0.7ms)
Completed 200 OK in 199ms (Views: 196.4ms | ActiveRecord: 0.2ms)


Started GET "/cool_features/img/logo-white.png" for ::1 at 2018-12-05 21:19:02 +0100
  
ActionController::RoutingError (No route matches [GET] "/cool_features/img/logo-white.png"):
  
actionpack (5.0.1) lib/action_dispatch/middleware/debug_exceptions.rb:53:in `call'
web-console (3.3.1) lib/web_console/middleware.rb:131:in `call_app'
web-console (3.3.1) lib/web_console/middleware.rb:28:in `block in call'
web-console (3.3.1) lib/web_console/middleware.rb:18:in `catch'
web-console (3.3.1) lib/web_console/middleware.rb:18:in `call'
actionpack (5.0.1) lib/action_dispatch/middleware/show_exceptions.rb:31:in `call'
railties (5.0.0.1) lib/rails/rack/logger.rb:36:in `call_app'
railties (5.0.0.1) lib/rails/rack/logger.rb:24:in `block in call'
activesupport (5.0.1) lib/active_support/tagged_logging.rb:69:in `block in tagged'
activesupport (5.0.1) lib/active_support/tagged_logging.rb:26:in `tagged'
activesupport (5.0.1) lib/active_support/tagged_logging.rb:69:in `tagged'
railties (5.0.0.1) lib/rails/rack/logger.rb:24:in `call'
sprockets-rails (3.1.1) lib/sprockets/rails/quiet_assets.rb:13:in `call'
actionpack (5.0.1) lib/action_dispatch/middleware/request_id.rb:24:in `call'
rack (2.0.1) lib/rack/method_override.rb:22:in `call'
rack (2.0.1) lib/rack/runtime.rb:22:in `call'
activesupport (5.0.1) lib/active_support/cache/strategy/local_cache_middleware.rb:28:in `call'
actionpack (5.0.1) lib/action_dispatch/middleware/executor.rb:12:in `call'
actionpack (5.0.1) lib/action_dispatch/middleware/static.rb:136:in `call'
rack (2.0.1) lib/rack/sendfile.rb:111:in `call'
railties (5.0.0.1) lib/rails/engine.rb:522:in `call'
puma (3.6.0) lib/puma/configuration.rb:225:in `call'
puma (3.6.0) lib/puma/server.rb:578:in `handle_request'
puma (3.6.0) lib/puma/server.rb:415:in `process_client'
puma (3.6.0) lib/puma/server.rb:275:in `block in run'
puma (3.6.0) lib/puma/thread_pool.rb:116:in `block in spawn_thread'
  Rendering /Users/fredo/.rbenv/versions/2.4.4/lib/ruby/gems/2.4.0/gems/actionpack-5.0.1/lib/action_dispatch/middleware/templates/rescues/routing_error.html.erb within rescues/layout
  Rendering /Users/fredo/.rbenv/versions/2.4.4/lib/ruby/gems/2.4.0/gems/actionpack-5.0.1/lib/action_dispatch/middleware/templates/rescues/_trace.html.erb
  Rendered /Users/fredo/.rbenv/versions/2.4.4/lib/ruby/gems/2.4.0/gems/actionpack-5.0.1/lib/action_dispatch/middleware/templates/rescues/_trace.html.erb (1.0ms)
  Rendered collection of /Users/fredo/.rbenv/versions/2.4.4/lib/ruby/gems/2.4.0/gems/actionpack-5.0.1/lib/action_dispatch/middleware/templates/routes/_route.html.erb [88 times] (16.4ms)
  Rendered collection of /Users/fredo/.rbenv/versions/2.4.4/lib/ruby/gems/2.4.0/gems/actionpack-5.0.1/lib/action_dispatch/middleware/templates/routes/_route.html.erb [6 times] (1.3ms)
  Rendered /Users/fredo/.rbenv/versions/2.4.4/lib/ruby/gems/2.4.0/gems/actionpack-5.0.1/lib/action_dispatch/middleware/templates/routes/_table.html.erb (0.9ms)
  Rendering /Users/fredo/.rbenv/versions/2.4.4/lib/ruby/gems/2.4.0/gems/actionpack-5.0.1/lib/action_dispatch/middleware/templates/rescues/_request_and_response.html.erb
  Rendered /Users/fredo/.rbenv/versions/2.4.4/lib/ruby/gems/2.4.0/gems/actionpack-5.0.1/lib/action_dispatch/middleware/templates/rescues/_request_and_response.html.erb (1.2ms)
  Rendered /Users/fredo/.rbenv/versions/2.4.4/lib/ruby/gems/2.4.0/gems/actionpack-5.0.1/lib/action_dispatch/middleware/templates/rescues/routing_error.html.erb within rescues/layout (152.8ms)
Started GET "/cool_features/img/pattern/graphy-xs.png" for ::1 at 2018-12-05 21:19:04 +0100
Started GET "/cool_features/img/pattern/sneaker_mesh_fabric-xs.png" for ::1 at 2018-12-05 21:19:04 +0100
  
Started GET "/cool_features/img/pattern/tileable_wood_texture-xs.png" for ::1 at 2018-12-05 21:19:04 +0100
  
Started GET "/cool_features/img/pattern/paper-xs.png" for ::1 at 2018-12-05 21:19:04 +0100
Started GET "/cool_features/img/pattern/nistri-xs.png" for ::1 at 2018-12-05 21:19:04 +0100
ActionController::RoutingError (No route matches [GET] "/cool_features/img/pattern/graphy-xs.png"):
  
ActionController::RoutingError (No route matches [GET] "/cool_features/img/pattern/sneaker_mesh_fabric-xs.png"):
  
  
  
ActionController::RoutingError (No route matches [GET] "/cool_features/img/pattern/tileable_wood_texture-xs.png"):
  
ActionController::RoutingError (No route matches [GET] "/cool_features/img/pattern/paper-xs.png"):
ActionController::RoutingError (No route matches [GET] "/cool_features/img/pattern/nistri-xs.png"):
actionpack (5.0.1) lib/action_dispatch/middleware/debug_exceptions.rb:53:in `call'
web-console (3.3.1) lib/web_console/middleware.rb:131:in `call_app'
web-console (3.3.1) lib/web_console/middleware.rb:28:in `block in call'
web-console (3.3.1) lib/web_console/middleware.rb:18:in `catch'
web-console (3.3.1) lib/web_console/middleware.rb:18:in `call'
actionpack (5.0.1) lib/action_dispatch/middleware/show_exceptions.rb:31:in `call'
railties (5.0.0.1) lib/rails/rack/logger.rb:36:in `call_app'
railties (5.0.0.1) lib/rails/rack/logger.rb:24:in `block in call'
activesupport (5.0.1) lib/active_support/tagged_logging.rb:69:in `block in tagged'
activesupport (5.0.1) lib/active_support/tagged_logging.rb:26:in `tagged'
activesupport (5.0.1) lib/active_support/tagged_logging.rb:69:in `tagged'
railties (5.0.0.1) lib/rails/rack/logger.rb:24:in `call'
sprockets-rails (3.1.1) lib/sprockets/rails/quiet_assets.rb:13:in `call'
actionpack (5.0.1) lib/action_dispatch/middleware/request_id.rb:24:in `call'
rack (2.0.1) lib/rack/method_override.rb:22:in `call'
rack (2.0.1) lib/rack/runtime.rb:22:in `call'
activesupport (5.0.1) lib/active_support/cache/strategy/local_cache_middleware.rb:28:in `call'
actionpack (5.0.1) lib/action_dispatch/middleware/executor.rb:12:in `call'
actionpack (5.0.1) lib/action_dispatch/middleware/static.rb:136:in `call'
rack (2.0.1) lib/rack/sendfile.rb:111:in `call'
railties (5.0.0.1) lib/rails/engine.rb:522:in `call'
puma (3.6.0) lib/puma/configuration.rb:225:in `call'
puma (3.6.0) lib/puma/server.rb:578:in `handle_request'
puma (3.6.0) lib/puma/server.rb:415:in `process_client'
puma (3.6.0) lib/puma/server.rb:275:in `block in run'
puma (3.6.0) lib/puma/thread_pool.rb:116:in `block in spawn_thread'
  
actionpack (5.0.1) lib/action_dispatch/middleware/debug_exceptions.rb:53:in `call'
web-console (3.3.1) lib/web_console/middleware.rb:131:in `call_app'
web-console (3.3.1) lib/web_console/middleware.rb:28:in `block in call'
web-console (3.3.1) lib/web_console/middleware.rb:18:in `catch'
web-console (3.3.1) lib/web_console/middleware.rb:18:in `call'
actionpack (5.0.1) lib/action_dispatch/middleware/show_exceptions.rb:31:in `call'
railties (5.0.0.1) lib/rails/rack/logger.rb:36:in `call_app'
railties (5.0.0.1) lib/rails/rack/logger.rb:24:in `block in call'
activesupport (5.0.1) lib/active_support/tagged_logging.rb:69:in `block in tagged'
activesupport (5.0.1) lib/active_support/tagged_logging.rb:26:in `tagged'
activesupport (5.0.1) lib/active_support/tagged_logging.rb:69:in `tagged'
railties (5.0.0.1) lib/rails/rack/logger.rb:24:in `call'
sprockets-rails (3.1.1) lib/sprockets/rails/quiet_assets.rb:13:in `call'
actionpack (5.0.1) lib/action_dispatch/middleware/request_id.rb:24:in `call'
rack (2.0.1) lib/rack/method_override.rb:22:in `call'
rack (2.0.1) lib/rack/runtime.rb:22:in `call'
activesupport (5.0.1) lib/active_support/cache/strategy/local_cache_middleware.rb:28:in `call'
actionpack (5.0.1) lib/action_dispatch/middleware/executor.rb:12:in `call'
actionpack (5.0.1) lib/action_dispatch/middleware/static.rb:136:in `call'
rack (2.0.1) lib/rack/sendfile.rb:111:in `call'
railties (5.0.0.1) lib/rails/engine.rb:522:in `call'
puma (3.6.0) lib/puma/configuration.rb:225:in `call'
puma (3.6.0) lib/puma/server.rb:578:in `handle_request'
puma (3.6.0) lib/puma/server.rb:415:in `process_client'
puma (3.6.0) lib/puma/server.rb:275:in `block in run'
puma (3.6.0) lib/puma/thread_pool.rb:116:in `block in spawn_thread'
  
  
actionpack (5.0.1) lib/action_dispatch/middleware/debug_exceptions.rb:53:in `call'
web-console (3.3.1) lib/web_console/middleware.rb:131:in `call_app'
web-console (3.3.1) lib/web_console/middleware.rb:28:in `block in call'
web-console (3.3.1) lib/web_console/middleware.rb:18:in `catch'
web-console (3.3.1) lib/web_console/middleware.rb:18:in `call'
actionpack (5.0.1) lib/action_dispatch/middleware/show_exceptions.rb:31:in `call'
railties (5.0.0.1) lib/rails/rack/logger.rb:36:in `call_app'
railties (5.0.0.1) lib/rails/rack/logger.rb:24:in `block in call'
activesupport (5.0.1) lib/active_support/tagged_logging.rb:69:in `block in tagged'
activesupport (5.0.1) lib/active_support/tagged_logging.rb:26:in `tagged'
activesupport (5.0.1) lib/active_support/tagged_logging.rb:69:in `tagged'
railties (5.0.0.1) lib/rails/rack/logger.rb:24:in `call'
sprockets-rails (3.1.1) lib/sprockets/rails/quiet_assets.rb:13:in `call'
actionpack (5.0.1) lib/action_dispatch/middleware/request_id.rb:24:in `call'
rack (2.0.1) lib/rack/method_override.rb:22:in `call'
rack (2.0.1) lib/rack/runtime.rb:22:in `call'
activesupport (5.0.1) lib/active_support/cache/strategy/local_cache_middleware.rb:28:in `call'
actionpack (5.0.1) lib/action_dispatch/middleware/executor.rb:12:in `call'
actionpack (5.0.1) lib/action_dispatch/middleware/static.rb:136:in `call'
rack (2.0.1) lib/rack/sendfile.rb:111:in `call'
railties (5.0.0.1) lib/rails/engine.rb:522:in `call'
puma (3.6.0) lib/puma/configuration.rb:225:in `call'
puma (3.6.0) lib/puma/server.rb:578:in `handle_request'
puma (3.6.0) lib/puma/server.rb:415:in `process_client'
puma (3.6.0) lib/puma/server.rb:275:in `block in run'
puma (3.6.0) lib/puma/thread_pool.rb:116:in `block in spawn_thread'
actionpack (5.0.1) lib/action_dispatch/middleware/debug_exceptions.rb:53:in `call'
web-console (3.3.1) lib/web_console/middleware.rb:131:in `call_app'
web-console (3.3.1) lib/web_console/middleware.rb:28:in `block in call'
web-console (3.3.1) lib/web_console/middleware.rb:18:in `catch'
web-console (3.3.1) lib/web_console/middleware.rb:18:in `call'
actionpack (5.0.1) lib/action_dispatch/middleware/show_exceptions.rb:31:in `call'
railties (5.0.0.1) lib/rails/rack/logger.rb:36:in `call_app'
railties (5.0.0.1) lib/rails/rack/logger.rb:24:in `block in call'
activesupport (5.0.1) lib/active_support/tagged_logging.rb:69:in `block in tagged'
activesupport (5.0.1) lib/active_support/tagged_logging.rb:26:in `tagged'
activesupport (5.0.1) lib/active_support/tagged_logging.rb:69:in `tagged'
railties (5.0.0.1) lib/rails/rack/logger.rb:24:in `call'
sprockets-rails (3.1.1) lib/sprockets/rails/quiet_assets.rb:13:in `call'
actionpack (5.0.1) lib/action_dispatch/middleware/request_id.rb:24:in `call'
rack (2.0.1) lib/rack/method_override.rb:22:in `call'
rack (2.0.1) lib/rack/runtime.rb:22:in `call'
activesupport (5.0.1) lib/active_support/cache/strategy/local_cache_middleware.rb:28:in `call'
actionpack (5.0.1) lib/action_dispatch/middleware/executor.rb:12:in `call'
actionpack (5.0.1) lib/action_dispatch/middleware/static.rb:136:in `call'
rack (2.0.1) lib/rack/sendfile.rb:111:in `call'
railties (5.0.0.1) lib/rails/engine.rb:522:in `call'
puma (3.6.0) lib/puma/configuration.rb:225:in `call'
puma (3.6.0) lib/puma/server.rb:578:in `handle_request'
puma (3.6.0) lib/puma/server.rb:415:in `process_client'
puma (3.6.0) lib/puma/server.rb:275:in `block in run'
puma (3.6.0) lib/puma/thread_pool.rb:116:in `block in spawn_thread'
actionpack (5.0.1) lib/action_dispatch/middleware/debug_exceptions.rb:53:in `call'
web-console (3.3.1) lib/web_console/middleware.rb:131:in `call_app'
web-console (3.3.1) lib/web_console/middleware.rb:28:in `block in call'
web-console (3.3.1) lib/web_console/middleware.rb:18:in `catch'
web-console (3.3.1) lib/web_console/middleware.rb:18:in `call'
actionpack (5.0.1) lib/action_dispatch/middleware/show_exceptions.rb:31:in `call'
railties (5.0.0.1) lib/rails/rack/logger.rb:36:in `call_app'
railties (5.0.0.1) lib/rails/rack/logger.rb:24:in `block in call'
activesupport (5.0.1) lib/active_support/tagged_logging.rb:69:in `block in tagged'
activesupport (5.0.1) lib/active_support/tagged_logging.rb:26:in `tagged'
activesupport (5.0.1) lib/active_support/tagged_logging.rb:69:in `tagged'
railties (5.0.0.1) lib/rails/rack/logger.rb:24:in `call'
sprockets-rails (3.1.1) lib/sprockets/rails/quiet_assets.rb:13:in `call'
actionpack (5.0.1) lib/action_dispatch/middleware/request_id.rb:24:in `call'
rack (2.0.1) lib/rack/method_override.rb:22:in `call'
rack (2.0.1) lib/rack/runtime.rb:22:in `call'
activesupport (5.0.1) lib/active_support/cache/strategy/local_cache_middleware.rb:28:in `call'
actionpack (5.0.1) lib/action_dispatch/middleware/executor.rb:12:in `call'
actionpack (5.0.1) lib/action_dispatch/middleware/static.rb:136:in `call'
rack (2.0.1) lib/rack/sendfile.rb:111:in `call'
railties (5.0.0.1) lib/rails/engine.rb:522:in `call'
puma (3.6.0) lib/puma/configuration.rb:225:in `call'
puma (3.6.0) lib/puma/server.rb:578:in `handle_request'
puma (3.6.0) lib/puma/server.rb:415:in `process_client'
puma (3.6.0) lib/puma/server.rb:275:in `block in run'
puma (3.6.0) lib/puma/thread_pool.rb:116:in `block in spawn_thread'
  Rendering /Users/fredo/.rbenv/versions/2.4.4/lib/ruby/gems/2.4.0/gems/actionpack-5.0.1/lib/action_dispatch/middleware/templates/rescues/routing_error.html.erb within rescues/layout
  Rendering /Users/fredo/.rbenv/versions/2.4.4/lib/ruby/gems/2.4.0/gems/actionpack-5.0.1/lib/action_dispatch/middleware/templates/rescues/_trace.html.erb
  Rendered /Users/fredo/.rbenv/versions/2.4.4/lib/ruby/gems/2.4.0/gems/actionpack-5.0.1/lib/action_dispatch/middleware/templates/rescues/_trace.html.erb (1.3ms)
  Rendered collection of /Users/fredo/.rbenv/versions/2.4.4/lib/ruby/gems/2.4.0/gems/actionpack-5.0.1/lib/action_dispatch/middleware/templates/routes/_route.html.erb [88 times] (16.2ms)
  Rendering /Users/fredo/.rbenv/versions/2.4.4/lib/ruby/gems/2.4.0/gems/actionpack-5.0.1/lib/action_dispatch/middleware/templates/rescues/routing_error.html.erb within rescues/layout
  Rendering /Users/fredo/.rbenv/versions/2.4.4/lib/ruby/gems/2.4.0/gems/actionpack-5.0.1/lib/action_dispatch/middleware/templates/rescues/_trace.html.erb
  Rendering /Users/fredo/.rbenv/versions/2.4.4/lib/ruby/gems/2.4.0/gems/actionpack-5.0.1/lib/action_dispatch/middleware/templates/rescues/routing_error.html.erb within rescues/layout
  Rendering /Users/fredo/.rbenv/versions/2.4.4/lib/ruby/gems/2.4.0/gems/actionpack-5.0.1/lib/action_dispatch/middleware/templates/rescues/routing_error.html.erb within rescues/layout
  Rendered collection of /Users/fredo/.rbenv/versions/2.4.4/lib/ruby/gems/2.4.0/gems/actionpack-5.0.1/lib/action_dispatch/middleware/templates/routes/_route.html.erb [6 times] (1.4ms)
  Rendered /Users/fredo/.rbenv/versions/2.4.4/lib/ruby/gems/2.4.0/gems/actionpack-5.0.1/lib/action_dispatch/middleware/templates/rescues/_trace.html.erb (1.0ms)
  Rendering /Users/fredo/.rbenv/versions/2.4.4/lib/ruby/gems/2.4.0/gems/actionpack-5.0.1/lib/action_dispatch/middleware/templates/rescues/_trace.html.erb
  Rendering /Users/fredo/.rbenv/versions/2.4.4/lib/ruby/gems/2.4.0/gems/actionpack-5.0.1/lib/action_dispatch/middleware/templates/rescues/routing_error.html.erb within rescues/layout
  Rendering /Users/fredo/.rbenv/versions/2.4.4/lib/ruby/gems/2.4.0/gems/actionpack-5.0.1/lib/action_dispatch/middleware/templates/rescues/_trace.html.erb
  Rendered collection of /Users/fredo/.rbenv/versions/2.4.4/lib/ruby/gems/2.4.0/gems/actionpack-5.0.1/lib/action_dispatch/middleware/templates/routes/_route.html.erb [88 times] (15.6ms)
  Rendered /Users/fredo/.rbenv/versions/2.4.4/lib/ruby/gems/2.4.0/gems/actionpack-5.0.1/lib/action_dispatch/middleware/templates/routes/_table.html.erb (1.0ms)
  Rendered /Users/fredo/.rbenv/versions/2.4.4/lib/ruby/gems/2.4.0/gems/actionpack-5.0.1/lib/action_dispatch/middleware/templates/rescues/_trace.html.erb (1.1ms)
  Rendered /Users/fredo/.rbenv/versions/2.4.4/lib/ruby/gems/2.4.0/gems/actionpack-5.0.1/lib/action_dispatch/middleware/templates/rescues/_trace.html.erb (1.1ms)
  Rendered collection of /Users/fredo/.rbenv/versions/2.4.4/lib/ruby/gems/2.4.0/gems/actionpack-5.0.1/lib/action_dispatch/middleware/templates/routes/_route.html.erb [6 times] (1.5ms)
  Rendering /Users/fredo/.rbenv/versions/2.4.4/lib/ruby/gems/2.4.0/gems/actionpack-5.0.1/lib/action_dispatch/middleware/templates/rescues/_trace.html.erb
  Rendered collection of /Users/fredo/.rbenv/versions/2.4.4/lib/ruby/gems/2.4.0/gems/actionpack-5.0.1/lib/action_dispatch/middleware/templates/routes/_route.html.erb [88 times] (56.6ms)
  Rendering /Users/fredo/.rbenv/versions/2.4.4/lib/ruby/gems/2.4.0/gems/actionpack-5.0.1/lib/action_dispatch/middleware/templates/rescues/_request_and_response.html.erb
  Rendered collection of /Users/fredo/.rbenv/versions/2.4.4/lib/ruby/gems/2.4.0/gems/actionpack-5.0.1/lib/action_dispatch/middleware/templates/routes/_route.html.erb [88 times] (20.6ms)
  Rendered /Users/fredo/.rbenv/versions/2.4.4/lib/ruby/gems/2.4.0/gems/actionpack-5.0.1/lib/action_dispatch/middleware/templates/routes/_table.html.erb (1.3ms)
  Rendered /Users/fredo/.rbenv/versions/2.4.4/lib/ruby/gems/2.4.0/gems/actionpack-5.0.1/lib/action_dispatch/middleware/templates/rescues/_trace.html.erb (1.6ms)
  Rendered /Users/fredo/.rbenv/versions/2.4.4/lib/ruby/gems/2.4.0/gems/actionpack-5.0.1/lib/action_dispatch/middleware/templates/rescues/_request_and_response.html.erb (1.4ms)
  Rendered collection of /Users/fredo/.rbenv/versions/2.4.4/lib/ruby/gems/2.4.0/gems/actionpack-5.0.1/lib/action_dispatch/middleware/templates/routes/_route.html.erb [6 times] (1.2ms)
  Rendered collection of /Users/fredo/.rbenv/versions/2.4.4/lib/ruby/gems/2.4.0/gems/actionpack-5.0.1/lib/action_dispatch/middleware/templates/routes/_route.html.erb [6 times] (1.4ms)
  Rendering /Users/fredo/.rbenv/versions/2.4.4/lib/ruby/gems/2.4.0/gems/actionpack-5.0.1/lib/action_dispatch/middleware/templates/rescues/_request_and_response.html.erb
  Rendered /Users/fredo/.rbenv/versions/2.4.4/lib/ruby/gems/2.4.0/gems/actionpack-5.0.1/lib/action_dispatch/middleware/templates/rescues/routing_error.html.erb within rescues/layout (656.5ms)
  Rendered collection of /Users/fredo/.rbenv/versions/2.4.4/lib/ruby/gems/2.4.0/gems/actionpack-5.0.1/lib/action_dispatch/middleware/templates/routes/_route.html.erb [88 times] (19.5ms)
  Rendered /Users/fredo/.rbenv/versions/2.4.4/lib/ruby/gems/2.4.0/gems/actionpack-5.0.1/lib/action_dispatch/middleware/templates/routes/_table.html.erb (1.3ms)
  Rendered /Users/fredo/.rbenv/versions/2.4.4/lib/ruby/gems/2.4.0/gems/actionpack-5.0.1/lib/action_dispatch/middleware/templates/routes/_table.html.erb (1.4ms)
  Rendered /Users/fredo/.rbenv/versions/2.4.4/lib/ruby/gems/2.4.0/gems/actionpack-5.0.1/lib/action_dispatch/middleware/templates/rescues/_request_and_response.html.erb (1.6ms)
  Rendered collection of /Users/fredo/.rbenv/versions/2.4.4/lib/ruby/gems/2.4.0/gems/actionpack-5.0.1/lib/action_dispatch/middleware/templates/routes/_route.html.erb [6 times] (1.5ms)
  Rendering /Users/fredo/.rbenv/versions/2.4.4/lib/ruby/gems/2.4.0/gems/actionpack-5.0.1/lib/action_dispatch/middleware/templates/rescues/_request_and_response.html.erb
  Rendered /Users/fredo/.rbenv/versions/2.4.4/lib/ruby/gems/2.4.0/gems/actionpack-5.0.1/lib/action_dispatch/middleware/templates/rescues/routing_error.html.erb within rescues/layout (668.3ms)
  Rendering /Users/fredo/.rbenv/versions/2.4.4/lib/ruby/gems/2.4.0/gems/actionpack-5.0.1/lib/action_dispatch/middleware/templates/rescues/_request_and_response.html.erb
  Rendered /Users/fredo/.rbenv/versions/2.4.4/lib/ruby/gems/2.4.0/gems/actionpack-5.0.1/lib/action_dispatch/middleware/templates/routes/_table.html.erb (1.2ms)
  Rendered /Users/fredo/.rbenv/versions/2.4.4/lib/ruby/gems/2.4.0/gems/actionpack-5.0.1/lib/action_dispatch/middleware/templates/rescues/_request_and_response.html.erb (1.1ms)
  Rendered /Users/fredo/.rbenv/versions/2.4.4/lib/ruby/gems/2.4.0/gems/actionpack-5.0.1/lib/action_dispatch/middleware/templates/rescues/_request_and_response.html.erb (1.4ms)
  Rendering /Users/fredo/.rbenv/versions/2.4.4/lib/ruby/gems/2.4.0/gems/actionpack-5.0.1/lib/action_dispatch/middleware/templates/rescues/_request_and_response.html.erb
  Rendered /Users/fredo/.rbenv/versions/2.4.4/lib/ruby/gems/2.4.0/gems/actionpack-5.0.1/lib/action_dispatch/middleware/templates/rescues/routing_error.html.erb within rescues/layout (819.3ms)
  Rendered /Users/fredo/.rbenv/versions/2.4.4/lib/ruby/gems/2.4.0/gems/actionpack-5.0.1/lib/action_dispatch/middleware/templates/rescues/routing_error.html.erb within rescues/layout (812.2ms)
  Rendered /Users/fredo/.rbenv/versions/2.4.4/lib/ruby/gems/2.4.0/gems/actionpack-5.0.1/lib/action_dispatch/middleware/templates/rescues/_request_and_response.html.erb (1.1ms)
  Rendered /Users/fredo/.rbenv/versions/2.4.4/lib/ruby/gems/2.4.0/gems/actionpack-5.0.1/lib/action_dispatch/middleware/templates/rescues/routing_error.html.erb within rescues/layout (967.0ms)
Started GET "/tables/data_tables" for ::1 at 2018-12-05 21:19:47 +0100
Processing by TablesController#data_tables as HTML
  [1m[36mUser Load (0.2ms)[0m  [1m[34mSELECT  "users".* FROM "users" WHERE "users"."id" = ? ORDER BY "users"."id" ASC LIMIT ?[0m  [["id", 1], ["LIMIT", 1]]
  Rendering tables/data_tables.html.erb within layouts/application
  Rendered tables/data_tables.html.erb within layouts/application (5.2ms)
  Rendered layouts/_locale_select.html.erb (5.6ms)
  Rendered layouts/_header.html.erb (9.2ms)
  Rendered layouts/_left_panel.html.erb (8.6ms)
  Rendered layouts/_footer.html.erb (0.5ms)
  Rendered layouts/_tiles.html.erb (1.3ms)
Completed 200 OK in 224ms (Views: 220.1ms | ActiveRecord: 0.2ms)


Started GET "/tables/jquery_grid" for ::1 at 2018-12-05 21:20:33 +0100
Processing by TablesController#jquery_grid as HTML
  [1m[36mUser Load (0.2ms)[0m  [1m[34mSELECT  "users".* FROM "users" WHERE "users"."id" = ? ORDER BY "users"."id" ASC LIMIT ?[0m  [["id", 1], ["LIMIT", 1]]
  Rendering tables/jquery_grid.html.erb within layouts/application
  Rendered tables/jquery_grid.html.erb within layouts/application (0.9ms)
  Rendered layouts/_locale_select.html.erb (4.6ms)
  Rendered layouts/_header.html.erb (9.8ms)
  Rendered layouts/_left_panel.html.erb (11.2ms)
  Rendered layouts/_footer.html.erb (0.4ms)
  Rendered layouts/_tiles.html.erb (0.8ms)
Completed 200 OK in 274ms (Views: 271.2ms | ActiveRecord: 0.2ms)


Started GET "/tables/normal_tables" for ::1 at 2018-12-05 21:20:45 +0100
Processing by TablesController#normal_tables as HTML
  [1m[36mUser Load (0.1ms)[0m  [1m[34mSELECT  "users".* FROM "users" WHERE "users"."id" = ? ORDER BY "users"."id" ASC LIMIT ?[0m  [["id", 1], ["LIMIT", 1]]
  Rendering tables/normal_tables.html.erb within layouts/application
  Rendered tables/normal_tables.html.erb within layouts/application (1.3ms)
  Rendered layouts/_locale_select.html.erb (4.8ms)
  Rendered layouts/_header.html.erb (7.8ms)
  Rendered layouts/_left_panel.html.erb (7.3ms)
  Rendered layouts/_footer.html.erb (0.3ms)
  Rendered layouts/_tiles.html.erb (0.7ms)
  Rendered layouts/_scripts.html.erb (0.5ms)
Completed 200 OK in 210ms (Views: 206.7ms | ActiveRecord: 0.1ms)


Started GET "/tables/data_tables" for ::1 at 2018-12-05 21:20:49 +0100
Processing by TablesController#data_tables as HTML
  [1m[36mUser Load (0.2ms)[0m  [1m[34mSELECT  "users".* FROM "users" WHERE "users"."id" = ? ORDER BY "users"."id" ASC LIMIT ?[0m  [["id", 1], ["LIMIT", 1]]
  Rendering tables/data_tables.html.erb within layouts/application
  Rendered tables/data_tables.html.erb within layouts/application (4.3ms)
  Rendered layouts/_locale_select.html.erb (3.7ms)
  Rendered layouts/_header.html.erb (6.5ms)
  Rendered layouts/_left_panel.html.erb (9.4ms)
  Rendered layouts/_footer.html.erb (0.3ms)
  Rendered layouts/_tiles.html.erb (1.0ms)
Completed 200 OK in 220ms (Views: 217.0ms | ActiveRecord: 0.2ms)


Started GET "/graphs/flot_chart" for ::1 at 2018-12-05 21:20:58 +0100
Processing by GraphsController#flot_chart as HTML
  [1m[36mUser Load (0.2ms)[0m  [1m[34mSELECT  "users".* FROM "users" WHERE "users"."id" = ? ORDER BY "users"."id" ASC LIMIT ?[0m  [["id", 1], ["LIMIT", 1]]
  Rendering graphs/flot_chart.html.erb within layouts/application
  Rendered graphs/flot_chart.html.erb within layouts/application (1.3ms)
  Rendered layouts/_locale_select.html.erb (4.1ms)
  Rendered layouts/_header.html.erb (7.8ms)
  Rendered layouts/_left_panel.html.erb (7.4ms)
  Rendered layouts/_footer.html.erb (0.2ms)
  Rendered layouts/_tiles.html.erb (0.8ms)
Completed 200 OK in 208ms (Views: 204.7ms | ActiveRecord: 0.2ms)


Started GET "/graphs/chart_js" for ::1 at 2018-12-05 21:21:11 +0100
Processing by GraphsController#chart_js as HTML
  [1m[36mUser Load (0.1ms)[0m  [1m[34mSELECT  "users".* FROM "users" WHERE "users"."id" = ? ORDER BY "users"."id" ASC LIMIT ?[0m  [["id", 1], ["LIMIT", 1]]
  Rendering graphs/chart_js.html.erb within layouts/application
  Rendered graphs/chart_js.html.erb within layouts/application (0.9ms)
  Rendered layouts/_locale_select.html.erb (4.3ms)
  Rendered layouts/_header.html.erb (8.0ms)
  Rendered layouts/_left_panel.html.erb (9.8ms)
  Rendered layouts/_footer.html.erb (0.4ms)
  Rendered layouts/_tiles.html.erb (1.0ms)
Completed 200 OK in 262ms (Views: 259.0ms | ActiveRecord: 0.1ms)


Started GET "/graphs/highchart_table" for ::1 at 2018-12-05 21:21:13 +0100
Processing by GraphsController#highchart_table as HTML
  [1m[36mUser Load (0.1ms)[0m  [1m[34mSELECT  "users".* FROM "users" WHERE "users"."id" = ? ORDER BY "users"."id" ASC LIMIT ?[0m  [["id", 1], ["LIMIT", 1]]
  Rendering graphs/highchart_table.html.erb within layouts/application
  Rendered graphs/highchart_table.html.erb within layouts/application (0.6ms)
  Rendered layouts/_locale_select.html.erb (4.7ms)
  Rendered layouts/_header.html.erb (9.7ms)
  Rendered layouts/_left_panel.html.erb (9.2ms)
  Rendered layouts/_footer.html.erb (0.3ms)
  Rendered layouts/_tiles.html.erb (0.7ms)
Completed 200 OK in 204ms (Views: 200.2ms | ActiveRecord: 0.1ms)


Started GET "/graphs/easy_pie_charts" for ::1 at 2018-12-05 21:21:38 +0100
Processing by GraphsController#easy_pie_charts as HTML
  [1m[36mUser Load (0.1ms)[0m  [1m[34mSELECT  "users".* FROM "users" WHERE "users"."id" = ? ORDER BY "users"."id" ASC LIMIT ?[0m  [["id", 1], ["LIMIT", 1]]
  Rendering graphs/easy_pie_charts.html.erb within layouts/application
  Rendered graphs/easy_pie_charts.html.erb within layouts/application (0.5ms)
  Rendered layouts/_locale_select.html.erb (3.8ms)
  Rendered layouts/_header.html.erb (7.1ms)
  Rendered layouts/_left_panel.html.erb (7.5ms)
  Rendered layouts/_footer.html.erb (0.3ms)
  Rendered layouts/_tiles.html.erb (0.7ms)
  Rendered layouts/_scripts.html.erb (0.3ms)
Completed 200 OK in 211ms (Views: 208.1ms | ActiveRecord: 0.1ms)


Started GET "/graphs/sparklines" for ::1 at 2018-12-05 21:21:45 +0100
Processing by GraphsController#sparklines as HTML
  [1m[36mUser Load (0.3ms)[0m  [1m[34mSELECT  "users".* FROM "users" WHERE "users"."id" = ? ORDER BY "users"."id" ASC LIMIT ?[0m  [["id", 1], ["LIMIT", 1]]
  Rendering graphs/sparklines.html.erb within layouts/application
  Rendered graphs/sparklines.html.erb within layouts/application (0.6ms)
  Rendered layouts/_locale_select.html.erb (4.3ms)
  Rendered layouts/_header.html.erb (7.6ms)
  Rendered layouts/_left_panel.html.erb (7.8ms)
  Rendered layouts/_footer.html.erb (0.4ms)
  Rendered layouts/_tiles.html.erb (0.9ms)
  Rendered layouts/_scripts.html.erb (0.3ms)
Completed 200 OK in 214ms (Views: 209.9ms | ActiveRecord: 0.3ms)


Started GET "/smartadmin_intel/app_layouts" for ::1 at 2018-12-05 21:22:01 +0100
Processing by SmartadminIntelController#app_layouts as HTML
  [1m[36mUser Load (0.2ms)[0m  [1m[34mSELECT  "users".* FROM "users" WHERE "users"."id" = ? ORDER BY "users"."id" ASC LIMIT ?[0m  [["id", 1], ["LIMIT", 1]]
  Rendering smartadmin_intel/app_layouts.html.erb within layouts/application
  Rendered smartadmin_intel/app_layouts.html.erb within layouts/application (11.3ms)
  Rendered layouts/_locale_select.html.erb (3.8ms)
  Rendered layouts/_header.html.erb (7.1ms)
  Rendered layouts/_left_panel.html.erb (8.2ms)
  Rendered layouts/_footer.html.erb (0.5ms)
  Rendered layouts/_tiles.html.erb (1.0ms)
  Rendered layouts/_scripts.html.erb (0.3ms)
Completed 200 OK in 227ms (Views: 224.1ms | ActiveRecord: 0.2ms)


Started GET "/" for ::1 at 2018-12-05 21:22:23 +0100
Processing by DashboardController#analytics as HTML
  [1m[36mUser Load (0.2ms)[0m  [1m[34mSELECT  "users".* FROM "users" WHERE "users"."id" = ? ORDER BY "users"."id" ASC LIMIT ?[0m  [["id", 1], ["LIMIT", 1]]
  Rendering dashboard/analytics.html.erb within layouts/application
  Rendered dashboard/analytics.html.erb within layouts/application (5.2ms)
  Rendered layouts/_locale_select.html.erb (3.6ms)
  Rendered layouts/_header.html.erb (6.2ms)
  Rendered layouts/_left_panel.html.erb (7.6ms)
  Rendered layouts/_footer.html.erb (0.3ms)
  Rendered layouts/_tiles.html.erb (0.8ms)
Completed 200 OK in 207ms (Views: 204.0ms | ActiveRecord: 0.2ms)


Started GET "/ui_elements/buttons" for ::1 at 2018-12-05 21:22:50 +0100
Processing by UiElementsController#buttons as HTML
  [1m[36mUser Load (0.1ms)[0m  [1m[34mSELECT  "users".* FROM "users" WHERE "users"."id" = ? ORDER BY "users"."id" ASC LIMIT ?[0m  [["id", 1], ["LIMIT", 1]]
  Rendering ui_elements/buttons.html.erb within layouts/application
  Rendered ui_elements/buttons.html.erb within layouts/application (1.7ms)
  Rendered layouts/_locale_select.html.erb (3.8ms)
  Rendered layouts/_header.html.erb (6.8ms)
  Rendered layouts/_left_panel.html.erb (9.3ms)
  Rendered layouts/_footer.html.erb (0.4ms)
  Rendered layouts/_tiles.html.erb (0.9ms)
  Rendered layouts/_scripts.html.erb (0.4ms)
Completed 200 OK in 203ms (Views: 200.0ms | ActiveRecord: 0.1ms)


Started GET "/ui_elements/icons/font_awesome" for ::1 at 2018-12-05 21:23:30 +0100
Processing by UiElementsController#icons_font_awesome as HTML
  [1m[36mUser Load (0.2ms)[0m  [1m[34mSELECT  "users".* FROM "users" WHERE "users"."id" = ? ORDER BY "users"."id" ASC LIMIT ?[0m  [["id", 1], ["LIMIT", 1]]
  Rendering ui_elements/icons_font_awesome.html.erb within layouts/application
  Rendered ui_elements/icons_font_awesome.html.erb within layouts/application (2.4ms)
  Rendered layouts/_locale_select.html.erb (4.8ms)
  Rendered layouts/_header.html.erb (8.5ms)
  Rendered layouts/_left_panel.html.erb (10.2ms)
  Rendered layouts/_footer.html.erb (0.4ms)
  Rendered layouts/_tiles.html.erb (0.9ms)
Completed 200 OK in 212ms (Views: 209.1ms | ActiveRecord: 0.2ms)


Started GET "/" for ::1 at 2018-12-05 21:48:21 +0100
  [1m[36mActiveRecord::SchemaMigration Load (0.3ms)[0m  [1m[34mSELECT "schema_migrations".* FROM "schema_migrations"[0m
DEPRECATION WARNING: before_filter is deprecated and will be removed in Rails 5.1. Use before_action instead. (called from <class:ApplicationController> at /Users/fredo/code/fredo75/full/app/controllers/application_controller.rb:3)
Processing by DashboardController#analytics as HTML
  [1m[36mUser Load (0.4ms)[0m  [1m[34mSELECT  "users".* FROM "users" WHERE "users"."id" = ? ORDER BY "users"."id" ASC LIMIT ?[0m  [["id", 1], ["LIMIT", 1]]
  Rendering dashboard/analytics.html.erb within layouts/application
  Rendered dashboard/analytics.html.erb within layouts/application (1915.9ms)
  Rendered layouts/_locale_select.html.erb (4.6ms)
  Rendered layouts/_header.html.erb (13.6ms)
  Rendered layouts/_left_panel.html.erb (9.6ms)
  Rendered layouts/_footer.html.erb (0.3ms)
  Rendered layouts/_tiles.html.erb (0.7ms)
Completed 200 OK in 2552ms (Views: 2527.9ms | ActiveRecord: 0.9ms)


